=== STDOUT ===

================================================================================
PORTFOLIO SCENARIO ANALYSIS
================================================================================
Tickers: ITC.NS, BSE.NS, SBIN.NS, HDFCBANK.NS
Portfolio: ₹55,000
Risk-Free Rate %(Typically 4-7% offered by banks and govt bonds): 7.5%

Step 1: Building Optimal Portfolio...
Fetching market data for 4 ticker(s)...
Data cached to: data_cache/market_data_18bc02ee.csv
Successfully fetched data: 497 rows, 4 ticker(s)
✓ Loaded 497 days

✅ OPTIMAL PORTFOLIO:
  ITC.NS                 0.0%
  BSE.NS                39.0%
  SBIN.NS               40.0%
  HDFCBANK.NS           21.0%

  Return: 62.02% | Vol: 27.03% | Sharpe:  2.02

Step 2: Risk Metrics...

  VaR (95%, Param): ₹     1,382
  VaR (95%, Hist):  ₹     1,085
  CVaR (95%):       ₹     1,706

  Risk Contribution:
    ITC.NS                 0.0%
    BSE.NS                71.4%
    SBIN.NS               22.4%
    HDFCBANK.NS            6.2%

================================================================================
Step 3: Scenario Analysis
================================================================================

================================================================================
🎯 ENHANCED SCENARIO ANALYSIS - EMPIRICALLY CALIBRATED
================================================================================


🔴 SEVERE
--------------------------------------------------------------------------------
[CRISIS_1] Global Financial Crisis
            Severe global credit crisis with liquidity freeze
            Impact: 40-50% portfolio decline | Likelihood: Very Rare (1-2% annual)
[CRISIS_2] Black Swan Pandemic/War
            Unexpected catastrophic event
            Impact: 35-40% rapid drop | Likelihood: Extremely Rare (<1% annual)

🔵 INDIA-SPECIFIC
--------------------------------------------------------------------------------
[INDIA_1 ] RBI Rate Hike Cycle
            RBI aggressive rate hikes
            Impact: 10-15% decline | Likelihood: Moderate (15-20% annual)
[INDIA_2 ] Monsoon Failure
            Poor monsoon, rural demand hit
            Impact: 6-10% decline | Likelihood: Moderate (10-15% annual)
[INDIA_3 ] Geopolitical Tension
            Border tensions (Pak/China)
            Impact: 5-10% decline | Likelihood: Moderate (20-30% annual)

🔷 SECTORAL
--------------------------------------------------------------------------------
[SECTOR_1] IT Sector Crash
            Global tech selloff
            Impact: Severe if IT-heavy (15-35%) | Likelihood: Moderate (10-15% annual)
[SECTOR_2] Oil Price Shock
            Crude spike to $120+
            Impact: 12-18% decline | Likelihood: Moderate (15-20% annual)

🟠 MODERATE
--------------------------------------------------------------------------------
[MOD_1   ] India Economic Slowdown
            GDP slowdown, policy uncertainty
            Impact: 15-25% decline | Likelihood: Moderate (10-15% annual)
[MOD_2   ] US Fed Rate Shock
            Fed tightening, FII outflows
            Impact: 12-20% decline | Likelihood: Moderate (15-20% annual)
[MOD_3   ] Banking/NBFC Crisis
            Major bank failure, credit crunch
            Impact: 20-30% decline | Likelihood: Low-Moderate (5-8% annual)

🟡 MILD
--------------------------------------------------------------------------------
[MILD_1  ] Healthy Market Correction
            Normal profit booking
            Impact: 8-12% pullback | Likelihood: High (40-50% annual)
[MILD_2  ] Profit Booking/Rotation
            Tactical selling, sector rotation
            Impact: 5-8% dip | Likelihood: Very High (60-70% annual)

🟢 POSITIVE
--------------------------------------------------------------------------------
[POS_1   ] India Growth Boom
            Strong growth, reforms
            Impact: 20-35% gains | Likelihood: Moderate (15-20% annual)
[POS_2   ] Sector Bull Run
            Sectoral outperformance
            Impact: 15-25% if well-positioned | Likelihood: Moderate-High (25-35% annual)

================================================================================

Select scenarios:
  • Comma-separated codes (e.g., CRISIS_1,MOD_1,MILD_1)
  • 'ALL' for all scenarios
  • 'SEVERE' for severe only

Selection: 
✓ Testing 14 scenario(s)

================================================================================
Global Financial Crisis [CRISIS_1]
================================================================================
Category: 🔴 SEVERE
Severe global credit crisis with liquidity freeze

Calibration: 2008: Nifty -52%, Vol 18%→45%, Corr 0.45→0.85
Likelihood:  Very Rare (1-2% annual)
Duration:    12-18 months
Recovery:    24-36 months

IMPACT:
  Return:  62.02% → 17.02%  (-45.00%)
  Vol:     27.03% → 78.70%  (+191.1%)
  Sharpe:    2.02 →   0.12  ( -1.90)

  Loss:    ₹    24,750  (45.00%)

================================================================================
Black Swan Pandemic/War [CRISIS_2]
================================================================================
Category: 🔴 SEVERE
Unexpected catastrophic event

Calibration: COVID Mar 2020: Nifty -38% in 1 month, Vol tripled
Likelihood:  Extremely Rare (<1% annual)
Duration:    1 month crash, 6 months total
Recovery:    6-12 months (if strong policy response)

IMPACT:
  Return:  62.02% → 22.02%  (-40.00%)
  Vol:     27.03% → 89.58%  (+231.4%)
  Sharpe:    2.02 →   0.16  ( -1.85)

  Loss:    ₹    22,000  (40.00%)

================================================================================
India Economic Slowdown [MOD_1]
================================================================================
Category: 🟠 MODERATE
GDP slowdown, policy uncertainty

Calibration: 2013 Taper Tantrum, 2018 NBFC crisis: -12% to -18%
Likelihood:  Moderate (10-15% annual)
Duration:    6-12 months
Recovery:    12-18 months

IMPACT:
  Return:  62.02% → 40.02%  (-22.00%)
  Vol:     27.03% → 43.68%  (+61.6%)
  Sharpe:    2.02 →   0.74  ( -1.27)

  Loss:    ₹    12,100  (22.00%)

================================================================================
US Fed Rate Shock [MOD_2]
================================================================================
Category: 🟠 MODERATE
Fed tightening, FII outflows

Calibration: 2022 Fed hikes: Nifty -15% to -20%
Likelihood:  Moderate (15-20% annual)
Duration:    3-9 months
Recovery:    6-12 months

IMPACT:
  Return:  62.02% → 44.02%  (-18.00%)
  Vol:     27.03% → 39.81%  (+47.3%)
  Sharpe:    2.02 →   0.92  ( -1.10)

  Loss:    ₹     9,900  (18.00%)

================================================================================
Banking/NBFC Crisis [MOD_3]
================================================================================
Category: 🟠 MODERATE
Major bank failure, credit crunch

Calibration: IL&FS 2018, Yes Bank 2020: -15% to -25%, BankNifty -40%
Likelihood:  Low-Moderate (5-8% annual)
Duration:    6-18 months
Recovery:    18-30 months

IMPACT:
  Return:  62.02% → 34.02%  (-28.00%)
  Vol:     27.03% → 50.25%  (+85.9%)
  Sharpe:    2.02 →   0.53  ( -1.49)

  Loss:    ₹    15,400  (28.00%)

================================================================================
Healthy Market Correction [MILD_1]
================================================================================
Category: 🟡 MILD
Normal profit booking

Calibration: Typical 10-12% corrections (occur almost yearly)
Likelihood:  High (40-50% annual)
Duration:    1-3 months
Recovery:    3-6 months

IMPACT:
  Return:  62.02% → 51.02%  (-11.00%)
  Vol:     27.03% → 34.68%  (+28.3%)
  Sharpe:    2.02 →   1.25  ( -0.76)

  Loss:    ₹     6,050  (11.00%)

================================================================================
Profit Booking/Rotation [MILD_2]
================================================================================
Category: 🟡 MILD
Tactical selling, sector rotation

Calibration: Regular intra-month volatility: -5% to -8%
Likelihood:  Very High (60-70% annual)
Duration:    2-6 weeks
Recovery:    1-3 months

IMPACT:
  Return:  62.02% → 55.02%  (-7.00%)
  Vol:     27.03% → 31.50%  (+16.5%)
  Sharpe:    2.02 →   1.51  ( -0.51)

  Loss:    ₹     3,850  (7.00%)

================================================================================
RBI Rate Hike Cycle [INDIA_1]
================================================================================
Category: 🔵 INDIA-SPECIFIC
RBI aggressive rate hikes

Calibration: 2022-23: RBI +250bps in 9 months, Nifty -8% to -15%
Likelihood:  Moderate (15-20% annual)
Duration:    6-15 months
Recovery:    9-18 months

IMPACT:
  Return:  62.02% → 47.02%  (-15.00%)
  Vol:     27.03% → 38.08%  (+40.9%)
  Sharpe:    2.02 →   1.04  ( -0.98)

  Loss:    ₹     8,250  (15.00%)

================================================================================
Monsoon Failure [INDIA_2]
================================================================================
Category: 🔵 INDIA-SPECIFIC
Poor monsoon, rural demand hit

Calibration: 2014-15 deficits: -5% to -10%, FMCG/Auto affected
Likelihood:  Moderate (10-15% annual)
Duration:    6-9 months
Recovery:    6-12 months

IMPACT:
  Return:  62.02% → 53.02%  (-9.00%)
  Vol:     27.03% → 33.15%  (+22.6%)
  Sharpe:    2.02 →   1.37  ( -0.64)

  Loss:    ₹     4,950  (9.00%)

================================================================================
Geopolitical Tension [INDIA_3]
================================================================================
Category: 🔵 INDIA-SPECIFIC
Border tensions (Pak/China)

Calibration: Pulwama 2019, Galwan 2020: -3% to -8% (short-lived)
Likelihood:  Moderate (20-30% annual)
Duration:    2-12 weeks
Recovery:    1-3 months

IMPACT:
  Return:  62.02% → 52.02%  (-10.00%)
  Vol:     27.03% → 36.37%  (+34.6%)
  Sharpe:    2.02 →   1.22  ( -0.79)

  Loss:    ₹     5,500  (10.00%)

================================================================================
IT Sector Crash [SECTOR_1]
================================================================================
Category: 🔷 SECTORAL
Global tech selloff

Calibration: 2022 selloff: Nifty IT -30% to -40%
Likelihood:  Moderate (10-15% annual)
Duration:    6-18 months
Recovery:    18-36 months

IMPACT:
  Return:  62.02% → 30.02%  (-32.00%)
  Vol:     27.03% → 53.16%  (+96.7%)
  Sharpe:    2.02 →   0.42  ( -1.59)

  Loss:    ₹    17,600  (32.00%)

================================================================================
Oil Price Shock [SECTOR_2]
================================================================================
Category: 🔷 SECTORAL
Crude spike to $120+

Calibration: 2008 oil at $147, 2022 at $130: -10% to -18%
Likelihood:  Moderate (15-20% annual)
Duration:    6-18 months
Recovery:    12-24 months

IMPACT:
  Return:  62.02% → 46.02%  (-16.00%)
  Vol:     27.03% → 39.49%  (+46.1%)
  Sharpe:    2.02 →   0.98  ( -1.04)

  Loss:    ₹     8,800  (16.00%)

================================================================================
India Growth Boom [POS_1]
================================================================================
Category: 🟢 POSITIVE
Strong growth, reforms

Calibration: 2014-17, 2020-21 rallies: +20% to +40%
Likelihood:  Moderate (15-20% annual)
Duration:    12-36 months
Recovery:    N/A (positive)

IMPACT:
  Return:  62.02% → 87.02%  (+25.00%)
  Vol:     27.03% → 22.14%  (-18.1%)
  Sharpe:    2.02 →   3.59  ( +1.57)

  Loss:    ₹    13,750  (25.00%)

================================================================================
Sector Bull Run [POS_2]
================================================================================
Category: 🟢 POSITIVE
Sectoral outperformance

Calibration: 2020 Pharma, 2021 Metals, 2023 PSU: +30% to +100%
Likelihood:  Moderate-High (25-35% annual)
Duration:    12-30 months
Recovery:    N/A (positive)

IMPACT:
  Return:  62.02% → 80.02%  (+18.00%)
  Vol:     27.03% → 23.89%  (-11.6%)
  Sharpe:    2.02 →   3.04  ( +1.02)

  Loss:    ₹     9,900  (18.00%)

================================================================================
✅ COMPLETE
================================================================================

📁 artifacts/milestone4/scenario_analysis.csv

SUMMARY:
  Tested:      14
  Worst Loss:  ₹24,750 (45.0%)

RISK ASSESSMENT:
  🔴 HIGH RISK - Consider hedging

